Writing PID to ./thin.pid
Changing process privilege to root:root
Exiting!
/Users/gleichsnerd/.rvm/gems/ruby-2.2.3/gems/thin-1.7.0/lib/thin/daemonizing.rb:71:in `getgrnam': can't find group for root (ArgumentError)
	from /Users/gleichsnerd/.rvm/gems/ruby-2.2.3/gems/thin-1.7.0/lib/thin/daemonizing.rb:71:in `change_privilege'
	from /Users/gleichsnerd/.rvm/gems/ruby-2.2.3/gems/thin-1.7.0/lib/thin/controllers/controller.rb:67:in `start'
	from /Users/gleichsnerd/.rvm/gems/ruby-2.2.3/gems/thin-1.7.0/lib/thin/runner.rb:200:in `run_command'
	from /Users/gleichsnerd/.rvm/gems/ruby-2.2.3/gems/thin-1.7.0/lib/thin/runner.rb:156:in `run!'
	from /Users/gleichsnerd/.rvm/gems/ruby-2.2.3/gems/thin-1.7.0/bin/thin:6:in `<top (required)>'
	from /Users/gleichsnerd/.rvm/gems/ruby-2.2.3/bin/thin:23:in `load'
	from /Users/gleichsnerd/.rvm/gems/ruby-2.2.3/bin/thin:23:in `<main>'
	from /Users/gleichsnerd/.rvm/gems/ruby-2.2.3/bin/ruby_executable_hooks:15:in `eval'
	from /Users/gleichsnerd/.rvm/gems/ruby-2.2.3/bin/ruby_executable_hooks:15:in `<main>'
Writing PID to ./thin.pid
Changing process privilege to root:admin
Couldn't change user and group to root:admin: Operation not permitted @ chown_internal - ./thin.pid
Exiting!
/Users/gleichsnerd/.rvm/rubies/ruby-2.2.3/lib/ruby/2.2.0/rubygems/core_ext/kernel_require.rb:54:in `require': cannot load such file -- /Users/gleichsnerd/Developer/Projects/battle-buddies/battle-buddies-server/config.ru/app.rb (LoadError)
	from /Users/gleichsnerd/.rvm/rubies/ruby-2.2.3/lib/ruby/2.2.0/rubygems/core_ext/kernel_require.rb:54:in `require'
	from ./config.ru:1:in `block in <main>'
	from /Users/gleichsnerd/.rvm/gems/ruby-2.2.3/gems/rack-2.0.1/lib/rack/builder.rb:55:in `instance_eval'
	from /Users/gleichsnerd/.rvm/gems/ruby-2.2.3/gems/rack-2.0.1/lib/rack/builder.rb:55:in `initialize'
	from ./config.ru:1:in `new'
	from ./config.ru:1:in `<main>'
	from /Users/gleichsnerd/.rvm/gems/ruby-2.2.3/gems/thin-1.7.0/lib/rack/adapter/loader.rb:33:in `eval'
	from /Users/gleichsnerd/.rvm/gems/ruby-2.2.3/gems/thin-1.7.0/lib/rack/adapter/loader.rb:33:in `load'
	from /Users/gleichsnerd/.rvm/gems/ruby-2.2.3/gems/thin-1.7.0/lib/thin/controllers/controller.rb:182:in `load_rackup_config'
	from /Users/gleichsnerd/.rvm/gems/ruby-2.2.3/gems/thin-1.7.0/lib/thin/controllers/controller.rb:72:in `start'
	from /Users/gleichsnerd/.rvm/gems/ruby-2.2.3/gems/thin-1.7.0/lib/thin/runner.rb:200:in `run_command'
	from /Users/gleichsnerd/.rvm/gems/ruby-2.2.3/gems/thin-1.7.0/lib/thin/runner.rb:156:in `run!'
	from /Users/gleichsnerd/.rvm/gems/ruby-2.2.3/gems/thin-1.7.0/bin/thin:6:in `<top (required)>'
	from /Users/gleichsnerd/.rvm/gems/ruby-2.2.3/bin/thin:23:in `load'
	from /Users/gleichsnerd/.rvm/gems/ruby-2.2.3/bin/thin:23:in `<main>'
	from /Users/gleichsnerd/.rvm/gems/ruby-2.2.3/bin/ruby_executable_hooks:15:in `eval'
	from /Users/gleichsnerd/.rvm/gems/ruby-2.2.3/bin/ruby_executable_hooks:15:in `<main>'
Writing PID to ./thin.pid
Changing process privilege to thin:thin
Couldn't change user and group to thin:thin: Operation not permitted @ chown_internal - ./thin.pid
Exiting!
/Users/gleichsnerd/.rvm/rubies/ruby-2.2.3/lib/ruby/2.2.0/rubygems/core_ext/kernel_require.rb:54:in `require': cannot load such file -- /Users/gleichsnerd/Developer/Projects/battle-buddies/battle-buddies-server/config.ru/app.rb (LoadError)
	from /Users/gleichsnerd/.rvm/rubies/ruby-2.2.3/lib/ruby/2.2.0/rubygems/core_ext/kernel_require.rb:54:in `require'
	from ./config.ru:1:in `block in <main>'
	from /Users/gleichsnerd/.rvm/gems/ruby-2.2.3/gems/rack-2.0.1/lib/rack/builder.rb:55:in `instance_eval'
	from /Users/gleichsnerd/.rvm/gems/ruby-2.2.3/gems/rack-2.0.1/lib/rack/builder.rb:55:in `initialize'
	from ./config.ru:1:in `new'
	from ./config.ru:1:in `<main>'
	from /Users/gleichsnerd/.rvm/gems/ruby-2.2.3/gems/thin-1.7.0/lib/rack/adapter/loader.rb:33:in `eval'
	from /Users/gleichsnerd/.rvm/gems/ruby-2.2.3/gems/thin-1.7.0/lib/rack/adapter/loader.rb:33:in `load'
	from /Users/gleichsnerd/.rvm/gems/ruby-2.2.3/gems/thin-1.7.0/lib/thin/controllers/controller.rb:182:in `load_rackup_config'
	from /Users/gleichsnerd/.rvm/gems/ruby-2.2.3/gems/thin-1.7.0/lib/thin/controllers/controller.rb:72:in `start'
	from /Users/gleichsnerd/.rvm/gems/ruby-2.2.3/gems/thin-1.7.0/lib/thin/runner.rb:200:in `run_command'
	from /Users/gleichsnerd/.rvm/gems/ruby-2.2.3/gems/thin-1.7.0/lib/thin/runner.rb:156:in `run!'
	from /Users/gleichsnerd/.rvm/gems/ruby-2.2.3/gems/thin-1.7.0/bin/thin:6:in `<top (required)>'
	from /Users/gleichsnerd/.rvm/gems/ruby-2.2.3/bin/thin:23:in `load'
	from /Users/gleichsnerd/.rvm/gems/ruby-2.2.3/bin/thin:23:in `<main>'
	from /Users/gleichsnerd/.rvm/gems/ruby-2.2.3/bin/ruby_executable_hooks:15:in `eval'
	from /Users/gleichsnerd/.rvm/gems/ruby-2.2.3/bin/ruby_executable_hooks:15:in `<main>'
Writing PID to ./thin.pid
Changing process privilege to thin:thin
Couldn't change user and group to thin:thin: Operation not permitted @ chown_internal - ./thin.pid
Exiting!
/Users/gleichsnerd/.rvm/rubies/ruby-2.2.3/lib/ruby/2.2.0/rubygems/specification.rb:2112:in `raise_if_conflicts': Unable to activate sinatra-1.4.7, because rack-2.0.1 conflicts with rack (~> 1.5) (Gem::ConflictError)
	from /Users/gleichsnerd/.rvm/rubies/ruby-2.2.3/lib/ruby/2.2.0/rubygems/specification.rb:1280:in `activate'
	from /Users/gleichsnerd/.rvm/rubies/ruby-2.2.3/lib/ruby/2.2.0/rubygems.rb:198:in `rescue in try_activate'
	from /Users/gleichsnerd/.rvm/rubies/ruby-2.2.3/lib/ruby/2.2.0/rubygems.rb:195:in `try_activate'
	from /Users/gleichsnerd/.rvm/rubies/ruby-2.2.3/lib/ruby/2.2.0/rubygems/core_ext/kernel_require.rb:126:in `rescue in require'
	from /Users/gleichsnerd/.rvm/rubies/ruby-2.2.3/lib/ruby/2.2.0/rubygems/core_ext/kernel_require.rb:39:in `require'
	from /Users/gleichsnerd/Developer/Projects/battle-buddies/battle-buddies-server/app.rb:1:in `<top (required)>'
	from /Users/gleichsnerd/.rvm/rubies/ruby-2.2.3/lib/ruby/2.2.0/rubygems/core_ext/kernel_require.rb:54:in `require'
	from /Users/gleichsnerd/.rvm/rubies/ruby-2.2.3/lib/ruby/2.2.0/rubygems/core_ext/kernel_require.rb:54:in `require'
	from ./config.ru:1:in `block in <main>'
	from /Users/gleichsnerd/.rvm/gems/ruby-2.2.3/gems/rack-2.0.1/lib/rack/builder.rb:55:in `instance_eval'
	from /Users/gleichsnerd/.rvm/gems/ruby-2.2.3/gems/rack-2.0.1/lib/rack/builder.rb:55:in `initialize'
	from ./config.ru:1:in `new'
	from ./config.ru:1:in `<main>'
	from /Users/gleichsnerd/.rvm/gems/ruby-2.2.3/gems/thin-1.7.0/lib/rack/adapter/loader.rb:33:in `eval'
	from /Users/gleichsnerd/.rvm/gems/ruby-2.2.3/gems/thin-1.7.0/lib/rack/adapter/loader.rb:33:in `load'
	from /Users/gleichsnerd/.rvm/gems/ruby-2.2.3/gems/thin-1.7.0/lib/thin/controllers/controller.rb:182:in `load_rackup_config'
	from /Users/gleichsnerd/.rvm/gems/ruby-2.2.3/gems/thin-1.7.0/lib/thin/controllers/controller.rb:72:in `start'
	from /Users/gleichsnerd/.rvm/gems/ruby-2.2.3/gems/thin-1.7.0/lib/thin/runner.rb:200:in `run_command'
	from /Users/gleichsnerd/.rvm/gems/ruby-2.2.3/gems/thin-1.7.0/lib/thin/runner.rb:156:in `run!'
	from /Users/gleichsnerd/.rvm/gems/ruby-2.2.3/gems/thin-1.7.0/bin/thin:6:in `<top (required)>'
	from /Users/gleichsnerd/.rvm/gems/ruby-2.2.3/bin/thin:23:in `load'
	from /Users/gleichsnerd/.rvm/gems/ruby-2.2.3/bin/thin:23:in `<main>'
	from /Users/gleichsnerd/.rvm/gems/ruby-2.2.3/bin/ruby_executable_hooks:15:in `eval'
	from /Users/gleichsnerd/.rvm/gems/ruby-2.2.3/bin/ruby_executable_hooks:15:in `<main>'
Writing PID to ./thin.pid
Changing process privilege to thin:thin
Couldn't change user and group to thin:thin: Operation not permitted @ chown_internal - ./thin.pid
Exiting!
/Users/gleichsnerd/Developer/Projects/battle-buddies/battle-buddies-server/app.rb:1:in `require': cannot load such file -- sinatra (LoadError)
	from /Users/gleichsnerd/Developer/Projects/battle-buddies/battle-buddies-server/app.rb:1:in `<top (required)>'
	from ./config.ru:1:in `require'
	from ./config.ru:1:in `block in <main>'
	from /Users/gleichsnerd/.rvm/gems/ruby-2.2.3/gems/rack-2.0.1/lib/rack/builder.rb:55:in `instance_eval'
	from /Users/gleichsnerd/.rvm/gems/ruby-2.2.3/gems/rack-2.0.1/lib/rack/builder.rb:55:in `initialize'
	from ./config.ru:1:in `new'
	from ./config.ru:1:in `<main>'
	from /Users/gleichsnerd/.rvm/gems/ruby-2.2.3/gems/thin-1.7.0/lib/rack/adapter/loader.rb:33:in `eval'
	from /Users/gleichsnerd/.rvm/gems/ruby-2.2.3/gems/thin-1.7.0/lib/rack/adapter/loader.rb:33:in `load'
	from /Users/gleichsnerd/.rvm/gems/ruby-2.2.3/gems/thin-1.7.0/lib/thin/controllers/controller.rb:182:in `load_rackup_config'
	from /Users/gleichsnerd/.rvm/gems/ruby-2.2.3/gems/thin-1.7.0/lib/thin/controllers/controller.rb:72:in `start'
	from /Users/gleichsnerd/.rvm/gems/ruby-2.2.3/gems/thin-1.7.0/lib/thin/runner.rb:200:in `run_command'
	from /Users/gleichsnerd/.rvm/gems/ruby-2.2.3/gems/thin-1.7.0/lib/thin/runner.rb:156:in `run!'
	from /Users/gleichsnerd/.rvm/gems/ruby-2.2.3/gems/thin-1.7.0/bin/thin:6:in `<top (required)>'
	from /Users/gleichsnerd/.rvm/gems/ruby-2.2.3/bin/thin:23:in `load'
	from /Users/gleichsnerd/.rvm/gems/ruby-2.2.3/bin/thin:23:in `<main>'
	from /Users/gleichsnerd/.rvm/gems/ruby-2.2.3/bin/ruby_executable_hooks:15:in `eval'
	from /Users/gleichsnerd/.rvm/gems/ruby-2.2.3/bin/ruby_executable_hooks:15:in `<main>'
Writing PID to ./thin.pid
Changing process privilege to thin:thin
Couldn't change user and group to thin:thin: Operation not permitted @ chown_internal - ./thin.pid
Exiting!
/Users/gleichsnerd/.rvm/gems/ruby-2.2.3/gems/sinatra-1.0/lib/sinatra/showexceptions.rb:1:in `require': cannot load such file -- rack/showexceptions (LoadError)
	from /Users/gleichsnerd/.rvm/gems/ruby-2.2.3/gems/sinatra-1.0/lib/sinatra/showexceptions.rb:1:in `<top (required)>'
	from /Users/gleichsnerd/.rvm/gems/ruby-2.2.3/gems/sinatra-1.0/lib/sinatra/base.rb:6:in `require'
	from /Users/gleichsnerd/.rvm/gems/ruby-2.2.3/gems/sinatra-1.0/lib/sinatra/base.rb:6:in `<top (required)>'
	from /Users/gleichsnerd/.rvm/gems/ruby-2.2.3/gems/sinatra-1.0/lib/sinatra.rb:4:in `require'
	from /Users/gleichsnerd/.rvm/gems/ruby-2.2.3/gems/sinatra-1.0/lib/sinatra.rb:4:in `<top (required)>'
	from /Users/gleichsnerd/Developer/Projects/battle-buddies/battle-buddies-server/app.rb:1:in `require'
	from /Users/gleichsnerd/Developer/Projects/battle-buddies/battle-buddies-server/app.rb:1:in `<top (required)>'
	from ./config.ru:1:in `require'
	from ./config.ru:1:in `block in <main>'
	from /Users/gleichsnerd/.rvm/gems/ruby-2.2.3/gems/rack-2.0.1/lib/rack/builder.rb:55:in `instance_eval'
	from /Users/gleichsnerd/.rvm/gems/ruby-2.2.3/gems/rack-2.0.1/lib/rack/builder.rb:55:in `initialize'
	from ./config.ru:1:in `new'
	from ./config.ru:1:in `<main>'
	from /Users/gleichsnerd/.rvm/gems/ruby-2.2.3/gems/thin-1.7.0/lib/rack/adapter/loader.rb:33:in `eval'
	from /Users/gleichsnerd/.rvm/gems/ruby-2.2.3/gems/thin-1.7.0/lib/rack/adapter/loader.rb:33:in `load'
	from /Users/gleichsnerd/.rvm/gems/ruby-2.2.3/gems/thin-1.7.0/lib/thin/controllers/controller.rb:182:in `load_rackup_config'
	from /Users/gleichsnerd/.rvm/gems/ruby-2.2.3/gems/thin-1.7.0/lib/thin/controllers/controller.rb:72:in `start'
	from /Users/gleichsnerd/.rvm/gems/ruby-2.2.3/gems/thin-1.7.0/lib/thin/runner.rb:200:in `run_command'
	from /Users/gleichsnerd/.rvm/gems/ruby-2.2.3/gems/thin-1.7.0/lib/thin/runner.rb:156:in `run!'
	from /Users/gleichsnerd/.rvm/gems/ruby-2.2.3/gems/thin-1.7.0/bin/thin:6:in `<top (required)>'
	from /Users/gleichsnerd/.rvm/gems/ruby-2.2.3/bin/thin:23:in `load'
	from /Users/gleichsnerd/.rvm/gems/ruby-2.2.3/bin/thin:23:in `<main>'
	from /Users/gleichsnerd/.rvm/gems/ruby-2.2.3/bin/ruby_executable_hooks:15:in `eval'
	from /Users/gleichsnerd/.rvm/gems/ruby-2.2.3/bin/ruby_executable_hooks:15:in `<main>'
Writing PID to ./thin.pid
Changing process privilege to thin:thin
Couldn't change user and group to thin:thin: Operation not permitted @ chown_internal - ./thin.pid
Exiting!
/Users/gleichsnerd/Developer/Projects/battle-buddies/battle-buddies-server/app.rb:3:in `require': cannot load such file -- haml (LoadError)
	from /Users/gleichsnerd/Developer/Projects/battle-buddies/battle-buddies-server/app.rb:3:in `<top (required)>'
	from ./config.ru:1:in `require'
	from ./config.ru:1:in `block in <main>'
	from /Users/gleichsnerd/.rvm/gems/ruby-2.2.3/gems/rack-2.0.1/lib/rack/builder.rb:55:in `instance_eval'
	from /Users/gleichsnerd/.rvm/gems/ruby-2.2.3/gems/rack-2.0.1/lib/rack/builder.rb:55:in `initialize'
	from ./config.ru:1:in `new'
	from ./config.ru:1:in `<main>'
	from /Users/gleichsnerd/.rvm/gems/ruby-2.2.3/gems/thin-1.7.0/lib/rack/adapter/loader.rb:33:in `eval'
	from /Users/gleichsnerd/.rvm/gems/ruby-2.2.3/gems/thin-1.7.0/lib/rack/adapter/loader.rb:33:in `load'
	from /Users/gleichsnerd/.rvm/gems/ruby-2.2.3/gems/thin-1.7.0/lib/thin/controllers/controller.rb:182:in `load_rackup_config'
	from /Users/gleichsnerd/.rvm/gems/ruby-2.2.3/gems/thin-1.7.0/lib/thin/controllers/controller.rb:72:in `start'
	from /Users/gleichsnerd/.rvm/gems/ruby-2.2.3/gems/thin-1.7.0/lib/thin/runner.rb:200:in `run_command'
	from /Users/gleichsnerd/.rvm/gems/ruby-2.2.3/gems/thin-1.7.0/lib/thin/runner.rb:156:in `run!'
	from /Users/gleichsnerd/.rvm/gems/ruby-2.2.3/gems/thin-1.7.0/bin/thin:6:in `<top (required)>'
	from /Users/gleichsnerd/.rvm/gems/ruby-2.2.3/bin/thin:23:in `load'
	from /Users/gleichsnerd/.rvm/gems/ruby-2.2.3/bin/thin:23:in `<main>'
	from /Users/gleichsnerd/.rvm/gems/ruby-2.2.3/bin/ruby_executable_hooks:15:in `eval'
	from /Users/gleichsnerd/.rvm/gems/ruby-2.2.3/bin/ruby_executable_hooks:15:in `<main>'
Writing PID to ./thin.pid
Changing process privilege to thin:thin
Couldn't change user and group to thin:thin: Operation not permitted @ chown_internal - ./thin.pid
Exiting!
/Users/gleichsnerd/Developer/Projects/battle-buddies/battle-buddies-server/app.rb:3:in `require': cannot load such file -- haml (LoadError)
	from /Users/gleichsnerd/Developer/Projects/battle-buddies/battle-buddies-server/app.rb:3:in `<top (required)>'
	from ./config.ru:1:in `require'
	from ./config.ru:1:in `block in <main>'
	from /Users/gleichsnerd/.rvm/gems/ruby-2.2.3/gems/rack-2.0.1/lib/rack/builder.rb:55:in `instance_eval'
	from /Users/gleichsnerd/.rvm/gems/ruby-2.2.3/gems/rack-2.0.1/lib/rack/builder.rb:55:in `initialize'
	from ./config.ru:1:in `new'
	from ./config.ru:1:in `<main>'
	from /Users/gleichsnerd/.rvm/gems/ruby-2.2.3/gems/thin-1.7.0/lib/rack/adapter/loader.rb:33:in `eval'
	from /Users/gleichsnerd/.rvm/gems/ruby-2.2.3/gems/thin-1.7.0/lib/rack/adapter/loader.rb:33:in `load'
	from /Users/gleichsnerd/.rvm/gems/ruby-2.2.3/gems/thin-1.7.0/lib/thin/controllers/controller.rb:182:in `load_rackup_config'
	from /Users/gleichsnerd/.rvm/gems/ruby-2.2.3/gems/thin-1.7.0/lib/thin/controllers/controller.rb:72:in `start'
	from /Users/gleichsnerd/.rvm/gems/ruby-2.2.3/gems/thin-1.7.0/lib/thin/runner.rb:200:in `run_command'
	from /Users/gleichsnerd/.rvm/gems/ruby-2.2.3/gems/thin-1.7.0/lib/thin/runner.rb:156:in `run!'
	from /Users/gleichsnerd/.rvm/gems/ruby-2.2.3/gems/thin-1.7.0/bin/thin:6:in `<top (required)>'
	from /Users/gleichsnerd/.rvm/gems/ruby-2.2.3/bin/thin:23:in `load'
	from /Users/gleichsnerd/.rvm/gems/ruby-2.2.3/bin/thin:23:in `<main>'
	from /Users/gleichsnerd/.rvm/gems/ruby-2.2.3/bin/ruby_executable_hooks:15:in `eval'
	from /Users/gleichsnerd/.rvm/gems/ruby-2.2.3/bin/ruby_executable_hooks:15:in `<main>'
Writing PID to ./thin.pid
Changing process privilege to thin:thin
Couldn't change user and group to thin:thin: Operation not permitted @ chown_internal - ./thin.pid
Exiting!
/Users/gleichsnerd/Developer/Projects/battle-buddies/battle-buddies-server/app.rb:4:in `<top (required)>': undefined method `get' for main:Object (NoMethodError)
	from ./config.ru:1:in `require'
	from ./config.ru:1:in `block in <main>'
	from /Users/gleichsnerd/.rvm/gems/ruby-2.2.3/gems/rack-2.0.1/lib/rack/builder.rb:55:in `instance_eval'
	from /Users/gleichsnerd/.rvm/gems/ruby-2.2.3/gems/rack-2.0.1/lib/rack/builder.rb:55:in `initialize'
	from ./config.ru:1:in `new'
	from ./config.ru:1:in `<main>'
	from /Users/gleichsnerd/.rvm/gems/ruby-2.2.3/gems/thin-1.7.0/lib/rack/adapter/loader.rb:33:in `eval'
	from /Users/gleichsnerd/.rvm/gems/ruby-2.2.3/gems/thin-1.7.0/lib/rack/adapter/loader.rb:33:in `load'
	from /Users/gleichsnerd/.rvm/gems/ruby-2.2.3/gems/thin-1.7.0/lib/thin/controllers/controller.rb:182:in `load_rackup_config'
	from /Users/gleichsnerd/.rvm/gems/ruby-2.2.3/gems/thin-1.7.0/lib/thin/controllers/controller.rb:72:in `start'
	from /Users/gleichsnerd/.rvm/gems/ruby-2.2.3/gems/thin-1.7.0/lib/thin/runner.rb:200:in `run_command'
	from /Users/gleichsnerd/.rvm/gems/ruby-2.2.3/gems/thin-1.7.0/lib/thin/runner.rb:156:in `run!'
	from /Users/gleichsnerd/.rvm/gems/ruby-2.2.3/gems/thin-1.7.0/bin/thin:6:in `<top (required)>'
	from /Users/gleichsnerd/.rvm/gems/ruby-2.2.3/bin/thin:23:in `load'
	from /Users/gleichsnerd/.rvm/gems/ruby-2.2.3/bin/thin:23:in `<main>'
	from /Users/gleichsnerd/.rvm/gems/ruby-2.2.3/bin/ruby_executable_hooks:15:in `eval'
	from /Users/gleichsnerd/.rvm/gems/ruby-2.2.3/bin/ruby_executable_hooks:15:in `<main>'
Writing PID to ./thin.pid
Changing process privilege to gleichsnerd:thin
Couldn't change user and group to gleichsnerd:thin: Operation not permitted
Exiting!
/Users/gleichsnerd/.rvm/gems/ruby-2.2.3/gems/sinatra-1.0/lib/sinatra/showexceptions.rb:1:in `require': cannot load such file -- rack/showexceptions (LoadError)
	from /Users/gleichsnerd/.rvm/gems/ruby-2.2.3/gems/sinatra-1.0/lib/sinatra/showexceptions.rb:1:in `<top (required)>'
	from /Users/gleichsnerd/.rvm/gems/ruby-2.2.3/gems/sinatra-1.0/lib/sinatra/base.rb:6:in `require'
	from /Users/gleichsnerd/.rvm/gems/ruby-2.2.3/gems/sinatra-1.0/lib/sinatra/base.rb:6:in `<top (required)>'
	from /Users/gleichsnerd/.rvm/gems/ruby-2.2.3/gems/sinatra-1.0/lib/sinatra.rb:4:in `require'
	from /Users/gleichsnerd/.rvm/gems/ruby-2.2.3/gems/sinatra-1.0/lib/sinatra.rb:4:in `<top (required)>'
	from /Users/gleichsnerd/Developer/Projects/battle-buddies/battle-buddies-server/app.rb:1:in `require'
	from /Users/gleichsnerd/Developer/Projects/battle-buddies/battle-buddies-server/app.rb:1:in `<top (required)>'
	from ./config.ru:1:in `require'
	from ./config.ru:1:in `block in <main>'
	from /Users/gleichsnerd/.rvm/gems/ruby-2.2.3/gems/rack-2.0.1/lib/rack/builder.rb:55:in `instance_eval'
	from /Users/gleichsnerd/.rvm/gems/ruby-2.2.3/gems/rack-2.0.1/lib/rack/builder.rb:55:in `initialize'
	from ./config.ru:1:in `new'
	from ./config.ru:1:in `<main>'
	from /Users/gleichsnerd/.rvm/gems/ruby-2.2.3/gems/thin-1.7.0/lib/rack/adapter/loader.rb:33:in `eval'
	from /Users/gleichsnerd/.rvm/gems/ruby-2.2.3/gems/thin-1.7.0/lib/rack/adapter/loader.rb:33:in `load'
	from /Users/gleichsnerd/.rvm/gems/ruby-2.2.3/gems/thin-1.7.0/lib/thin/controllers/controller.rb:182:in `load_rackup_config'
	from /Users/gleichsnerd/.rvm/gems/ruby-2.2.3/gems/thin-1.7.0/lib/thin/controllers/controller.rb:72:in `start'
	from /Users/gleichsnerd/.rvm/gems/ruby-2.2.3/gems/thin-1.7.0/lib/thin/runner.rb:200:in `run_command'
	from /Users/gleichsnerd/.rvm/gems/ruby-2.2.3/gems/thin-1.7.0/lib/thin/runner.rb:156:in `run!'
	from /Users/gleichsnerd/.rvm/gems/ruby-2.2.3/gems/thin-1.7.0/bin/thin:6:in `<top (required)>'
	from /Users/gleichsnerd/.rvm/gems/ruby-2.2.3/bin/thin:23:in `load'
	from /Users/gleichsnerd/.rvm/gems/ruby-2.2.3/bin/thin:23:in `<main>'
	from /Users/gleichsnerd/.rvm/gems/ruby-2.2.3/bin/ruby_executable_hooks:15:in `eval'
	from /Users/gleichsnerd/.rvm/gems/ruby-2.2.3/bin/ruby_executable_hooks:15:in `<main>'
Writing PID to ./thin.pid
Changing process privilege to gleichsnerd:thin
Couldn't change user and group to gleichsnerd:thin: Operation not permitted
Exiting!
/Users/gleichsnerd/Developer/Projects/battle-buddies/battle-buddies-server/app.rb:4:in `<top (required)>': undefined method `get' for main:Object (NoMethodError)
	from ./config.ru:1:in `require'
	from ./config.ru:1:in `block in <main>'
	from /Users/gleichsnerd/.rvm/gems/ruby-2.2.3/gems/rack-2.0.1/lib/rack/builder.rb:55:in `instance_eval'
	from /Users/gleichsnerd/.rvm/gems/ruby-2.2.3/gems/rack-2.0.1/lib/rack/builder.rb:55:in `initialize'
	from ./config.ru:1:in `new'
	from ./config.ru:1:in `<main>'
	from /Users/gleichsnerd/.rvm/gems/ruby-2.2.3/gems/thin-1.7.0/lib/rack/adapter/loader.rb:33:in `eval'
	from /Users/gleichsnerd/.rvm/gems/ruby-2.2.3/gems/thin-1.7.0/lib/rack/adapter/loader.rb:33:in `load'
	from /Users/gleichsnerd/.rvm/gems/ruby-2.2.3/gems/thin-1.7.0/lib/thin/controllers/controller.rb:182:in `load_rackup_config'
	from /Users/gleichsnerd/.rvm/gems/ruby-2.2.3/gems/thin-1.7.0/lib/thin/controllers/controller.rb:72:in `start'
	from /Users/gleichsnerd/.rvm/gems/ruby-2.2.3/gems/thin-1.7.0/lib/thin/runner.rb:200:in `run_command'
	from /Users/gleichsnerd/.rvm/gems/ruby-2.2.3/gems/thin-1.7.0/lib/thin/runner.rb:156:in `run!'
	from /Users/gleichsnerd/.rvm/gems/ruby-2.2.3/gems/thin-1.7.0/bin/thin:6:in `<top (required)>'
	from /Users/gleichsnerd/.rvm/gems/ruby-2.2.3/bin/thin:23:in `load'
	from /Users/gleichsnerd/.rvm/gems/ruby-2.2.3/bin/thin:23:in `<main>'
	from /Users/gleichsnerd/.rvm/gems/ruby-2.2.3/bin/ruby_executable_hooks:15:in `eval'
	from /Users/gleichsnerd/.rvm/gems/ruby-2.2.3/bin/ruby_executable_hooks:15:in `<main>'
Writing PID to ./thin.pid
Changing process privilege to gleichsnerd:thin
Couldn't change user and group to gleichsnerd:thin: Operation not permitted
Exiting!
/Users/gleichsnerd/.rvm/gems/ruby-2.2.3/gems/sinatra-1.0/lib/sinatra/showexceptions.rb:1:in `require': cannot load such file -- rack/showexceptions (LoadError)
	from /Users/gleichsnerd/.rvm/gems/ruby-2.2.3/gems/sinatra-1.0/lib/sinatra/showexceptions.rb:1:in `<top (required)>'
	from /Users/gleichsnerd/.rvm/gems/ruby-2.2.3/gems/sinatra-1.0/lib/sinatra/base.rb:6:in `require'
	from /Users/gleichsnerd/.rvm/gems/ruby-2.2.3/gems/sinatra-1.0/lib/sinatra/base.rb:6:in `<top (required)>'
	from /Users/gleichsnerd/.rvm/gems/ruby-2.2.3/gems/sinatra-1.0/lib/sinatra.rb:4:in `require'
	from /Users/gleichsnerd/.rvm/gems/ruby-2.2.3/gems/sinatra-1.0/lib/sinatra.rb:4:in `<top (required)>'
	from ./config.ru:1:in `require'
	from ./config.ru:1:in `block in <main>'
	from /Users/gleichsnerd/.rvm/gems/ruby-2.2.3/gems/rack-2.0.1/lib/rack/builder.rb:55:in `instance_eval'
	from /Users/gleichsnerd/.rvm/gems/ruby-2.2.3/gems/rack-2.0.1/lib/rack/builder.rb:55:in `initialize'
	from ./config.ru:1:in `new'
	from ./config.ru:1:in `<main>'
	from /Users/gleichsnerd/.rvm/gems/ruby-2.2.3/gems/thin-1.7.0/lib/rack/adapter/loader.rb:33:in `eval'
	from /Users/gleichsnerd/.rvm/gems/ruby-2.2.3/gems/thin-1.7.0/lib/rack/adapter/loader.rb:33:in `load'
	from /Users/gleichsnerd/.rvm/gems/ruby-2.2.3/gems/thin-1.7.0/lib/thin/controllers/controller.rb:182:in `load_rackup_config'
	from /Users/gleichsnerd/.rvm/gems/ruby-2.2.3/gems/thin-1.7.0/lib/thin/controllers/controller.rb:72:in `start'
	from /Users/gleichsnerd/.rvm/gems/ruby-2.2.3/gems/thin-1.7.0/lib/thin/runner.rb:200:in `run_command'
	from /Users/gleichsnerd/.rvm/gems/ruby-2.2.3/gems/thin-1.7.0/lib/thin/runner.rb:156:in `run!'
	from /Users/gleichsnerd/.rvm/gems/ruby-2.2.3/gems/thin-1.7.0/bin/thin:6:in `<top (required)>'
	from /Users/gleichsnerd/.rvm/gems/ruby-2.2.3/bin/thin:23:in `load'
	from /Users/gleichsnerd/.rvm/gems/ruby-2.2.3/bin/thin:23:in `<main>'
	from /Users/gleichsnerd/.rvm/gems/ruby-2.2.3/bin/ruby_executable_hooks:15:in `eval'
	from /Users/gleichsnerd/.rvm/gems/ruby-2.2.3/bin/ruby_executable_hooks:15:in `<main>'
Writing PID to ./thin.pid
Changing process privilege to gleichsnerd:thin
Couldn't change user and group to gleichsnerd:thin: Operation not permitted
Thin web server (v1.7.0 codename Dunder Mifflin)
Maximum connections set to 1024
Listening on 127.0.0.1:4567, CTRL+C to stop
Writing PID to ./thin.pid
Changing process privilege to thin:thin
Couldn't change user and group to thin:thin: Operation not permitted @ chown_internal - ./thin.pid
Exiting!
./config.ru:2:in `require': cannot load such file -- sinatra/reloader (LoadError)
	from ./config.ru:2:in `block in <main>'
	from /Users/gleichsnerd/.rvm/gems/ruby-2.2.3/gems/rack-2.0.1/lib/rack/builder.rb:55:in `instance_eval'
	from /Users/gleichsnerd/.rvm/gems/ruby-2.2.3/gems/rack-2.0.1/lib/rack/builder.rb:55:in `initialize'
	from ./config.ru:1:in `new'
	from ./config.ru:1:in `<main>'
	from /Users/gleichsnerd/.rvm/gems/ruby-2.2.3/gems/thin-1.7.0/lib/rack/adapter/loader.rb:33:in `eval'
	from /Users/gleichsnerd/.rvm/gems/ruby-2.2.3/gems/thin-1.7.0/lib/rack/adapter/loader.rb:33:in `load'
	from /Users/gleichsnerd/.rvm/gems/ruby-2.2.3/gems/thin-1.7.0/lib/thin/controllers/controller.rb:182:in `load_rackup_config'
	from /Users/gleichsnerd/.rvm/gems/ruby-2.2.3/gems/thin-1.7.0/lib/thin/controllers/controller.rb:72:in `start'
	from /Users/gleichsnerd/.rvm/gems/ruby-2.2.3/gems/thin-1.7.0/lib/thin/runner.rb:200:in `run_command'
	from /Users/gleichsnerd/.rvm/gems/ruby-2.2.3/gems/thin-1.7.0/lib/thin/runner.rb:156:in `run!'
	from /Users/gleichsnerd/.rvm/gems/ruby-2.2.3/gems/thin-1.7.0/bin/thin:6:in `<top (required)>'
	from /Users/gleichsnerd/.rvm/gems/ruby-2.2.3/bin/thin:23:in `load'
	from /Users/gleichsnerd/.rvm/gems/ruby-2.2.3/bin/thin:23:in `<main>'
	from /Users/gleichsnerd/.rvm/gems/ruby-2.2.3/bin/ruby_executable_hooks:15:in `eval'
	from /Users/gleichsnerd/.rvm/gems/ruby-2.2.3/bin/ruby_executable_hooks:15:in `<main>'
Writing PID to ./thin.pid
Changing process privilege to thin:thin
Couldn't change user and group to thin:thin: Operation not permitted @ chown_internal - ./thin.pid
Thin web server (v1.7.0 codename Dunder Mifflin)
Maximum connections set to 1024
Listening on 127.0.0.1:4567, CTRL+C to stop
127.0.0.1 - - [17/Dec/2016:17:44:01 -0500] "GET / HTTP/1.1" 200 12 0.0063
127.0.0.1 - - [17/Dec/2016:17:44:01 -0500] "GET /favicon.ico HTTP/1.1" 200 21 0.0010
127.0.0.1 - - [17/Dec/2016:17:44:09 -0500] "GET / HTTP/1.1" 200 15 0.0088
127.0.0.1 - - [17/Dec/2016:17:44:09 -0500] "GET /favicon.ico HTTP/1.1" 200 21 0.0006
/Users/gleichsnerd/Developer/Projects/battle-buddies/battle-buddies-server/responder.rb:5: warning: circular argument reference - dt
2016-12-17 17:59:15 - SyntaxError - /Users/gleichsnerd/Developer/Projects/battle-buddies/battle-buddies-server/responder.rb:3: no .<digit> floating literal anymore; put 0 before dot
  def initialize(dt = .1)
                       ^
/Users/gleichsnerd/Developer/Projects/battle-buddies/battle-buddies-server/responder.rb:3: syntax error, unexpected '.'
  def initialize(dt = .1)
                       ^
/Users/gleichsnerd/Developer/Projects/battle-buddies/battle-buddies-server/responder.rb:19: syntax error, unexpected keyword_end, expecting end-of-input:
	/Users/gleichsnerd/Developer/Projects/battle-buddies/battle-buddies-server/app.rb:3:in `require'
	/Users/gleichsnerd/Developer/Projects/battle-buddies/battle-buddies-server/app.rb:3:in `<top (required)>'
	/Users/gleichsnerd/.rvm/gems/ruby-2.2.3/bundler/gems/sinatra-9f4100a769bc/sinatra-contrib/lib/sinatra/reloader.rb:249:in `require'
	/Users/gleichsnerd/.rvm/gems/ruby-2.2.3/bundler/gems/sinatra-9f4100a769bc/sinatra-contrib/lib/sinatra/reloader.rb:249:in `block in perform'
	/Users/gleichsnerd/.rvm/gems/ruby-2.2.3/bundler/gems/sinatra-9f4100a769bc/sinatra-contrib/lib/sinatra/reloader.rb:245:in `each'
	/Users/gleichsnerd/.rvm/gems/ruby-2.2.3/bundler/gems/sinatra-9f4100a769bc/sinatra-contrib/lib/sinatra/reloader.rb:245:in `perform'
	/Users/gleichsnerd/.rvm/gems/ruby-2.2.3/bundler/gems/sinatra-9f4100a769bc/sinatra-contrib/lib/sinatra/reloader.rb:236:in `block (2 levels) in registered'
	/Users/gleichsnerd/.rvm/gems/ruby-2.2.3/bundler/gems/sinatra-9f4100a769bc/sinatra-contrib/lib/sinatra/reloader.rb:236:in `synchronize'
	/Users/gleichsnerd/.rvm/gems/ruby-2.2.3/bundler/gems/sinatra-9f4100a769bc/sinatra-contrib/lib/sinatra/reloader.rb:236:in `block in registered'
	/Users/gleichsnerd/.rvm/gems/ruby-2.2.3/bundler/gems/sinatra-9f4100a769bc/lib/sinatra/base.rb:1643:in `call'
	/Users/gleichsnerd/.rvm/gems/ruby-2.2.3/bundler/gems/sinatra-9f4100a769bc/lib/sinatra/base.rb:1643:in `block in compile!'
	/Users/gleichsnerd/.rvm/gems/ruby-2.2.3/bundler/gems/sinatra-9f4100a769bc/lib/sinatra/base.rb:1034:in `[]'
	/Users/gleichsnerd/.rvm/gems/ruby-2.2.3/bundler/gems/sinatra-9f4100a769bc/lib/sinatra/base.rb:1034:in `block in process_route'
	/Users/gleichsnerd/.rvm/gems/ruby-2.2.3/bundler/gems/sinatra-9f4100a769bc/lib/sinatra/base.rb:1032:in `catch'
	/Users/gleichsnerd/.rvm/gems/ruby-2.2.3/bundler/gems/sinatra-9f4100a769bc/lib/sinatra/base.rb:1032:in `process_route'
	/Users/gleichsnerd/.rvm/gems/ruby-2.2.3/bundler/gems/sinatra-9f4100a769bc/lib/sinatra/base.rb:980:in `block in filter!'
	/Users/gleichsnerd/.rvm/gems/ruby-2.2.3/bundler/gems/sinatra-9f4100a769bc/lib/sinatra/base.rb:980:in `each'
	/Users/gleichsnerd/.rvm/gems/ruby-2.2.3/bundler/gems/sinatra-9f4100a769bc/lib/sinatra/base.rb:980:in `filter!'
	/Users/gleichsnerd/.rvm/gems/ruby-2.2.3/bundler/gems/sinatra-9f4100a769bc/lib/sinatra/base.rb:1110:in `block in dispatch!'
	/Users/gleichsnerd/.rvm/gems/ruby-2.2.3/bundler/gems/sinatra-9f4100a769bc/lib/sinatra/base.rb:1089:in `block in invoke'
	/Users/gleichsnerd/.rvm/gems/ruby-2.2.3/bundler/gems/sinatra-9f4100a769bc/lib/sinatra/base.rb:1089:in `catch'
	/Users/gleichsnerd/.rvm/gems/ruby-2.2.3/bundler/gems/sinatra-9f4100a769bc/lib/sinatra/base.rb:1089:in `invoke'
	/Users/gleichsnerd/.rvm/gems/ruby-2.2.3/bundler/gems/sinatra-9f4100a769bc/lib/sinatra/base.rb:1108:in `dispatch!'
	/Users/gleichsnerd/.rvm/gems/ruby-2.2.3/bundler/gems/sinatra-9f4100a769bc/lib/sinatra/base.rb:921:in `block in call!'
	/Users/gleichsnerd/.rvm/gems/ruby-2.2.3/bundler/gems/sinatra-9f4100a769bc/lib/sinatra/base.rb:1089:in `block in invoke'
	/Users/gleichsnerd/.rvm/gems/ruby-2.2.3/bundler/gems/sinatra-9f4100a769bc/lib/sinatra/base.rb:1089:in `catch'
	/Users/gleichsnerd/.rvm/gems/ruby-2.2.3/bundler/gems/sinatra-9f4100a769bc/lib/sinatra/base.rb:1089:in `invoke'
	/Users/gleichsnerd/.rvm/gems/ruby-2.2.3/bundler/gems/sinatra-9f4100a769bc/lib/sinatra/base.rb:921:in `call!'
	/Users/gleichsnerd/.rvm/gems/ruby-2.2.3/bundler/gems/sinatra-9f4100a769bc/lib/sinatra/base.rb:911:in `call'
	/Users/gleichsnerd/.rvm/gems/ruby-2.2.3/bundler/gems/sinatra-9f4100a769bc/rack-protection/lib/rack/protection/xss_header.rb:18:in `call'
	/Users/gleichsnerd/.rvm/gems/ruby-2.2.3/bundler/gems/sinatra-9f4100a769bc/rack-protection/lib/rack/protection/path_traversal.rb:16:in `call'
	/Users/gleichsnerd/.rvm/gems/ruby-2.2.3/bundler/gems/sinatra-9f4100a769bc/rack-protection/lib/rack/protection/json_csrf.rb:21:in `call'
	/Users/gleichsnerd/.rvm/gems/ruby-2.2.3/bundler/gems/sinatra-9f4100a769bc/rack-protection/lib/rack/protection/base.rb:50:in `call'
	/Users/gleichsnerd/.rvm/gems/ruby-2.2.3/bundler/gems/sinatra-9f4100a769bc/rack-protection/lib/rack/protection/base.rb:50:in `call'
	/Users/gleichsnerd/.rvm/gems/ruby-2.2.3/bundler/gems/sinatra-9f4100a769bc/rack-protection/lib/rack/protection/frame_options.rb:31:in `call'
	/Users/gleichsnerd/.rvm/gems/ruby-2.2.3/gems/rack-2.0.1/lib/rack/logger.rb:15:in `call'
	/Users/gleichsnerd/.rvm/gems/ruby-2.2.3/gems/rack-2.0.1/lib/rack/common_logger.rb:33:in `call'
	/Users/gleichsnerd/.rvm/gems/ruby-2.2.3/bundler/gems/sinatra-9f4100a769bc/lib/sinatra/base.rb:229:in `call'
	/Users/gleichsnerd/.rvm/gems/ruby-2.2.3/bundler/gems/sinatra-9f4100a769bc/lib/sinatra/base.rb:222:in `call'
	/Users/gleichsnerd/.rvm/gems/ruby-2.2.3/gems/rack-2.0.1/lib/rack/head.rb:12:in `call'
	/Users/gleichsnerd/.rvm/gems/ruby-2.2.3/gems/rack-2.0.1/lib/rack/method_override.rb:22:in `call'
	/Users/gleichsnerd/.rvm/gems/ruby-2.2.3/bundler/gems/sinatra-9f4100a769bc/lib/sinatra/show_exceptions.rb:22:in `call'
	/Users/gleichsnerd/.rvm/gems/ruby-2.2.3/bundler/gems/sinatra-9f4100a769bc/lib/sinatra/base.rb:192:in `call'
	/Users/gleichsnerd/.rvm/gems/ruby-2.2.3/bundler/gems/sinatra-9f4100a769bc/lib/sinatra/base.rb:1965:in `call'
	/Users/gleichsnerd/.rvm/gems/ruby-2.2.3/bundler/gems/sinatra-9f4100a769bc/lib/sinatra/base.rb:1516:in `block in call'
	/Users/gleichsnerd/.rvm/gems/ruby-2.2.3/bundler/gems/sinatra-9f4100a769bc/lib/sinatra/base.rb:1737:in `synchronize'
	/Users/gleichsnerd/.rvm/gems/ruby-2.2.3/bundler/gems/sinatra-9f4100a769bc/lib/sinatra/base.rb:1516:in `call'
	/Users/gleichsnerd/.rvm/gems/ruby-2.2.3/gems/thin-1.7.0/lib/thin/connection.rb:86:in `block in pre_process'
	/Users/gleichsnerd/.rvm/gems/ruby-2.2.3/gems/thin-1.7.0/lib/thin/connection.rb:84:in `catch'
	/Users/gleichsnerd/.rvm/gems/ruby-2.2.3/gems/thin-1.7.0/lib/thin/connection.rb:84:in `pre_process'
	/Users/gleichsnerd/.rvm/gems/ruby-2.2.3/gems/thin-1.7.0/lib/thin/connection.rb:53:in `process'
	/Users/gleichsnerd/.rvm/gems/ruby-2.2.3/gems/thin-1.7.0/lib/thin/connection.rb:39:in `receive_data'
	/Users/gleichsnerd/.rvm/gems/ruby-2.2.3/gems/eventmachine-1.2.1/lib/eventmachine.rb:194:in `run_machine'
	/Users/gleichsnerd/.rvm/gems/ruby-2.2.3/gems/eventmachine-1.2.1/lib/eventmachine.rb:194:in `run'
	/Users/gleichsnerd/.rvm/gems/ruby-2.2.3/gems/thin-1.7.0/lib/thin/backends/base.rb:73:in `start'
	/Users/gleichsnerd/.rvm/gems/ruby-2.2.3/gems/thin-1.7.0/lib/thin/server.rb:162:in `start'
	/Users/gleichsnerd/.rvm/gems/ruby-2.2.3/gems/thin-1.7.0/lib/thin/controllers/controller.rb:87:in `start'
	/Users/gleichsnerd/.rvm/gems/ruby-2.2.3/gems/thin-1.7.0/lib/thin/runner.rb:200:in `run_command'
	/Users/gleichsnerd/.rvm/gems/ruby-2.2.3/gems/thin-1.7.0/lib/thin/runner.rb:156:in `run!'
	/Users/gleichsnerd/.rvm/gems/ruby-2.2.3/gems/thin-1.7.0/bin/thin:6:in `<top (required)>'
	/Users/gleichsnerd/.rvm/gems/ruby-2.2.3/bin/thin:23:in `load'
	/Users/gleichsnerd/.rvm/gems/ruby-2.2.3/bin/thin:23:in `<main>'
	/Users/gleichsnerd/.rvm/gems/ruby-2.2.3/bin/ruby_executable_hooks:15:in `eval'
	/Users/gleichsnerd/.rvm/gems/ruby-2.2.3/bin/ruby_executable_hooks:15:in `<main>'
/Users/gleichsnerd/Developer/Projects/battle-buddies/battle-buddies-server/responder.rb:5: warning: circular argument reference - dt
2016-12-17 17:59:16 - SyntaxError - /Users/gleichsnerd/Developer/Projects/battle-buddies/battle-buddies-server/responder.rb:3: no .<digit> floating literal anymore; put 0 before dot
  def initialize(dt = .1)
                       ^
/Users/gleichsnerd/Developer/Projects/battle-buddies/battle-buddies-server/responder.rb:3: syntax error, unexpected '.'
  def initialize(dt = .1)
                       ^
/Users/gleichsnerd/Developer/Projects/battle-buddies/battle-buddies-server/responder.rb:19: syntax error, unexpected keyword_end, expecting end-of-input:
	/Users/gleichsnerd/Developer/Projects/battle-buddies/battle-buddies-server/app.rb:3:in `require'
	/Users/gleichsnerd/Developer/Projects/battle-buddies/battle-buddies-server/app.rb:3:in `<top (required)>'
	/Users/gleichsnerd/.rvm/gems/ruby-2.2.3/bundler/gems/sinatra-9f4100a769bc/sinatra-contrib/lib/sinatra/reloader.rb:249:in `require'
	/Users/gleichsnerd/.rvm/gems/ruby-2.2.3/bundler/gems/sinatra-9f4100a769bc/sinatra-contrib/lib/sinatra/reloader.rb:249:in `block in perform'
	/Users/gleichsnerd/.rvm/gems/ruby-2.2.3/bundler/gems/sinatra-9f4100a769bc/sinatra-contrib/lib/sinatra/reloader.rb:245:in `each'
	/Users/gleichsnerd/.rvm/gems/ruby-2.2.3/bundler/gems/sinatra-9f4100a769bc/sinatra-contrib/lib/sinatra/reloader.rb:245:in `perform'
	/Users/gleichsnerd/.rvm/gems/ruby-2.2.3/bundler/gems/sinatra-9f4100a769bc/sinatra-contrib/lib/sinatra/reloader.rb:236:in `block (2 levels) in registered'
	/Users/gleichsnerd/.rvm/gems/ruby-2.2.3/bundler/gems/sinatra-9f4100a769bc/sinatra-contrib/lib/sinatra/reloader.rb:236:in `synchronize'
	/Users/gleichsnerd/.rvm/gems/ruby-2.2.3/bundler/gems/sinatra-9f4100a769bc/sinatra-contrib/lib/sinatra/reloader.rb:236:in `block in registered'
	/Users/gleichsnerd/.rvm/gems/ruby-2.2.3/bundler/gems/sinatra-9f4100a769bc/lib/sinatra/base.rb:1643:in `call'
	/Users/gleichsnerd/.rvm/gems/ruby-2.2.3/bundler/gems/sinatra-9f4100a769bc/lib/sinatra/base.rb:1643:in `block in compile!'
	/Users/gleichsnerd/.rvm/gems/ruby-2.2.3/bundler/gems/sinatra-9f4100a769bc/lib/sinatra/base.rb:1034:in `[]'
	/Users/gleichsnerd/.rvm/gems/ruby-2.2.3/bundler/gems/sinatra-9f4100a769bc/lib/sinatra/base.rb:1034:in `block in process_route'
	/Users/gleichsnerd/.rvm/gems/ruby-2.2.3/bundler/gems/sinatra-9f4100a769bc/lib/sinatra/base.rb:1032:in `catch'
	/Users/gleichsnerd/.rvm/gems/ruby-2.2.3/bundler/gems/sinatra-9f4100a769bc/lib/sinatra/base.rb:1032:in `process_route'
	/Users/gleichsnerd/.rvm/gems/ruby-2.2.3/bundler/gems/sinatra-9f4100a769bc/lib/sinatra/base.rb:980:in `block in filter!'
	/Users/gleichsnerd/.rvm/gems/ruby-2.2.3/bundler/gems/sinatra-9f4100a769bc/lib/sinatra/base.rb:980:in `each'
	/Users/gleichsnerd/.rvm/gems/ruby-2.2.3/bundler/gems/sinatra-9f4100a769bc/lib/sinatra/base.rb:980:in `filter!'
	/Users/gleichsnerd/.rvm/gems/ruby-2.2.3/bundler/gems/sinatra-9f4100a769bc/lib/sinatra/base.rb:1110:in `block in dispatch!'
	/Users/gleichsnerd/.rvm/gems/ruby-2.2.3/bundler/gems/sinatra-9f4100a769bc/lib/sinatra/base.rb:1089:in `block in invoke'
	/Users/gleichsnerd/.rvm/gems/ruby-2.2.3/bundler/gems/sinatra-9f4100a769bc/lib/sinatra/base.rb:1089:in `catch'
	/Users/gleichsnerd/.rvm/gems/ruby-2.2.3/bundler/gems/sinatra-9f4100a769bc/lib/sinatra/base.rb:1089:in `invoke'
	/Users/gleichsnerd/.rvm/gems/ruby-2.2.3/bundler/gems/sinatra-9f4100a769bc/lib/sinatra/base.rb:1108:in `dispatch!'
	/Users/gleichsnerd/.rvm/gems/ruby-2.2.3/bundler/gems/sinatra-9f4100a769bc/lib/sinatra/base.rb:921:in `block in call!'
	/Users/gleichsnerd/.rvm/gems/ruby-2.2.3/bundler/gems/sinatra-9f4100a769bc/lib/sinatra/base.rb:1089:in `block in invoke'
	/Users/gleichsnerd/.rvm/gems/ruby-2.2.3/bundler/gems/sinatra-9f4100a769bc/lib/sinatra/base.rb:1089:in `catch'
	/Users/gleichsnerd/.rvm/gems/ruby-2.2.3/bundler/gems/sinatra-9f4100a769bc/lib/sinatra/base.rb:1089:in `invoke'
	/Users/gleichsnerd/.rvm/gems/ruby-2.2.3/bundler/gems/sinatra-9f4100a769bc/lib/sinatra/base.rb:921:in `call!'
	/Users/gleichsnerd/.rvm/gems/ruby-2.2.3/bundler/gems/sinatra-9f4100a769bc/lib/sinatra/base.rb:911:in `call'
	/Users/gleichsnerd/.rvm/gems/ruby-2.2.3/bundler/gems/sinatra-9f4100a769bc/rack-protection/lib/rack/protection/xss_header.rb:18:in `call'
	/Users/gleichsnerd/.rvm/gems/ruby-2.2.3/bundler/gems/sinatra-9f4100a769bc/rack-protection/lib/rack/protection/path_traversal.rb:16:in `call'
	/Users/gleichsnerd/.rvm/gems/ruby-2.2.3/bundler/gems/sinatra-9f4100a769bc/rack-protection/lib/rack/protection/json_csrf.rb:21:in `call'
	/Users/gleichsnerd/.rvm/gems/ruby-2.2.3/bundler/gems/sinatra-9f4100a769bc/rack-protection/lib/rack/protection/base.rb:50:in `call'
	/Users/gleichsnerd/.rvm/gems/ruby-2.2.3/bundler/gems/sinatra-9f4100a769bc/rack-protection/lib/rack/protection/base.rb:50:in `call'
	/Users/gleichsnerd/.rvm/gems/ruby-2.2.3/bundler/gems/sinatra-9f4100a769bc/rack-protection/lib/rack/protection/frame_options.rb:31:in `call'
	/Users/gleichsnerd/.rvm/gems/ruby-2.2.3/gems/rack-2.0.1/lib/rack/logger.rb:15:in `call'
	/Users/gleichsnerd/.rvm/gems/ruby-2.2.3/gems/rack-2.0.1/lib/rack/common_logger.rb:33:in `call'
	/Users/gleichsnerd/.rvm/gems/ruby-2.2.3/bundler/gems/sinatra-9f4100a769bc/lib/sinatra/base.rb:229:in `call'
	/Users/gleichsnerd/.rvm/gems/ruby-2.2.3/bundler/gems/sinatra-9f4100a769bc/lib/sinatra/base.rb:222:in `call'
	/Users/gleichsnerd/.rvm/gems/ruby-2.2.3/gems/rack-2.0.1/lib/rack/head.rb:12:in `call'
	/Users/gleichsnerd/.rvm/gems/ruby-2.2.3/gems/rack-2.0.1/lib/rack/method_override.rb:22:in `call'
	/Users/gleichsnerd/.rvm/gems/ruby-2.2.3/bundler/gems/sinatra-9f4100a769bc/lib/sinatra/show_exceptions.rb:22:in `call'
	/Users/gleichsnerd/.rvm/gems/ruby-2.2.3/bundler/gems/sinatra-9f4100a769bc/lib/sinatra/base.rb:192:in `call'
	/Users/gleichsnerd/.rvm/gems/ruby-2.2.3/bundler/gems/sinatra-9f4100a769bc/lib/sinatra/base.rb:1965:in `call'
	/Users/gleichsnerd/.rvm/gems/ruby-2.2.3/bundler/gems/sinatra-9f4100a769bc/lib/sinatra/base.rb:1516:in `block in call'
	/Users/gleichsnerd/.rvm/gems/ruby-2.2.3/bundler/gems/sinatra-9f4100a769bc/lib/sinatra/base.rb:1737:in `synchronize'
	/Users/gleichsnerd/.rvm/gems/ruby-2.2.3/bundler/gems/sinatra-9f4100a769bc/lib/sinatra/base.rb:1516:in `call'
	/Users/gleichsnerd/.rvm/gems/ruby-2.2.3/gems/thin-1.7.0/lib/thin/connection.rb:86:in `block in pre_process'
	/Users/gleichsnerd/.rvm/gems/ruby-2.2.3/gems/thin-1.7.0/lib/thin/connection.rb:84:in `catch'
	/Users/gleichsnerd/.rvm/gems/ruby-2.2.3/gems/thin-1.7.0/lib/thin/connection.rb:84:in `pre_process'
	/Users/gleichsnerd/.rvm/gems/ruby-2.2.3/gems/thin-1.7.0/lib/thin/connection.rb:53:in `process'
	/Users/gleichsnerd/.rvm/gems/ruby-2.2.3/gems/thin-1.7.0/lib/thin/connection.rb:39:in `receive_data'
	/Users/gleichsnerd/.rvm/gems/ruby-2.2.3/gems/eventmachine-1.2.1/lib/eventmachine.rb:194:in `run_machine'
	/Users/gleichsnerd/.rvm/gems/ruby-2.2.3/gems/eventmachine-1.2.1/lib/eventmachine.rb:194:in `run'
	/Users/gleichsnerd/.rvm/gems/ruby-2.2.3/gems/thin-1.7.0/lib/thin/backends/base.rb:73:in `start'
	/Users/gleichsnerd/.rvm/gems/ruby-2.2.3/gems/thin-1.7.0/lib/thin/server.rb:162:in `start'
	/Users/gleichsnerd/.rvm/gems/ruby-2.2.3/gems/thin-1.7.0/lib/thin/controllers/controller.rb:87:in `start'
	/Users/gleichsnerd/.rvm/gems/ruby-2.2.3/gems/thin-1.7.0/lib/thin/runner.rb:200:in `run_command'
	/Users/gleichsnerd/.rvm/gems/ruby-2.2.3/gems/thin-1.7.0/lib/thin/runner.rb:156:in `run!'
	/Users/gleichsnerd/.rvm/gems/ruby-2.2.3/gems/thin-1.7.0/bin/thin:6:in `<top (required)>'
	/Users/gleichsnerd/.rvm/gems/ruby-2.2.3/bin/thin:23:in `load'
	/Users/gleichsnerd/.rvm/gems/ruby-2.2.3/bin/thin:23:in `<main>'
	/Users/gleichsnerd/.rvm/gems/ruby-2.2.3/bin/ruby_executable_hooks:15:in `eval'
	/Users/gleichsnerd/.rvm/gems/ruby-2.2.3/bin/ruby_executable_hooks:15:in `<main>'
/Users/gleichsnerd/Developer/Projects/battle-buddies/battle-buddies-server/responder.rb:5: warning: circular argument reference - dt
2016-12-17 17:59:16 - SyntaxError - /Users/gleichsnerd/Developer/Projects/battle-buddies/battle-buddies-server/responder.rb:3: no .<digit> floating literal anymore; put 0 before dot
  def initialize(dt = .1)
                       ^
/Users/gleichsnerd/Developer/Projects/battle-buddies/battle-buddies-server/responder.rb:3: syntax error, unexpected '.'
  def initialize(dt = .1)
                       ^
/Users/gleichsnerd/Developer/Projects/battle-buddies/battle-buddies-server/responder.rb:19: syntax error, unexpected keyword_end, expecting end-of-input:
	/Users/gleichsnerd/Developer/Projects/battle-buddies/battle-buddies-server/app.rb:3:in `require'
	/Users/gleichsnerd/Developer/Projects/battle-buddies/battle-buddies-server/app.rb:3:in `<top (required)>'
	/Users/gleichsnerd/.rvm/gems/ruby-2.2.3/bundler/gems/sinatra-9f4100a769bc/sinatra-contrib/lib/sinatra/reloader.rb:249:in `require'
	/Users/gleichsnerd/.rvm/gems/ruby-2.2.3/bundler/gems/sinatra-9f4100a769bc/sinatra-contrib/lib/sinatra/reloader.rb:249:in `block in perform'
	/Users/gleichsnerd/.rvm/gems/ruby-2.2.3/bundler/gems/sinatra-9f4100a769bc/sinatra-contrib/lib/sinatra/reloader.rb:245:in `each'
	/Users/gleichsnerd/.rvm/gems/ruby-2.2.3/bundler/gems/sinatra-9f4100a769bc/sinatra-contrib/lib/sinatra/reloader.rb:245:in `perform'
	/Users/gleichsnerd/.rvm/gems/ruby-2.2.3/bundler/gems/sinatra-9f4100a769bc/sinatra-contrib/lib/sinatra/reloader.rb:236:in `block (2 levels) in registered'
	/Users/gleichsnerd/.rvm/gems/ruby-2.2.3/bundler/gems/sinatra-9f4100a769bc/sinatra-contrib/lib/sinatra/reloader.rb:236:in `synchronize'
	/Users/gleichsnerd/.rvm/gems/ruby-2.2.3/bundler/gems/sinatra-9f4100a769bc/sinatra-contrib/lib/sinatra/reloader.rb:236:in `block in registered'
	/Users/gleichsnerd/.rvm/gems/ruby-2.2.3/bundler/gems/sinatra-9f4100a769bc/lib/sinatra/base.rb:1643:in `call'
	/Users/gleichsnerd/.rvm/gems/ruby-2.2.3/bundler/gems/sinatra-9f4100a769bc/lib/sinatra/base.rb:1643:in `block in compile!'
	/Users/gleichsnerd/.rvm/gems/ruby-2.2.3/bundler/gems/sinatra-9f4100a769bc/lib/sinatra/base.rb:1034:in `[]'
	/Users/gleichsnerd/.rvm/gems/ruby-2.2.3/bundler/gems/sinatra-9f4100a769bc/lib/sinatra/base.rb:1034:in `block in process_route'
	/Users/gleichsnerd/.rvm/gems/ruby-2.2.3/bundler/gems/sinatra-9f4100a769bc/lib/sinatra/base.rb:1032:in `catch'
	/Users/gleichsnerd/.rvm/gems/ruby-2.2.3/bundler/gems/sinatra-9f4100a769bc/lib/sinatra/base.rb:1032:in `process_route'
	/Users/gleichsnerd/.rvm/gems/ruby-2.2.3/bundler/gems/sinatra-9f4100a769bc/lib/sinatra/base.rb:980:in `block in filter!'
	/Users/gleichsnerd/.rvm/gems/ruby-2.2.3/bundler/gems/sinatra-9f4100a769bc/lib/sinatra/base.rb:980:in `each'
	/Users/gleichsnerd/.rvm/gems/ruby-2.2.3/bundler/gems/sinatra-9f4100a769bc/lib/sinatra/base.rb:980:in `filter!'
	/Users/gleichsnerd/.rvm/gems/ruby-2.2.3/bundler/gems/sinatra-9f4100a769bc/lib/sinatra/base.rb:1110:in `block in dispatch!'
	/Users/gleichsnerd/.rvm/gems/ruby-2.2.3/bundler/gems/sinatra-9f4100a769bc/lib/sinatra/base.rb:1089:in `block in invoke'
	/Users/gleichsnerd/.rvm/gems/ruby-2.2.3/bundler/gems/sinatra-9f4100a769bc/lib/sinatra/base.rb:1089:in `catch'
	/Users/gleichsnerd/.rvm/gems/ruby-2.2.3/bundler/gems/sinatra-9f4100a769bc/lib/sinatra/base.rb:1089:in `invoke'
	/Users/gleichsnerd/.rvm/gems/ruby-2.2.3/bundler/gems/sinatra-9f4100a769bc/lib/sinatra/base.rb:1108:in `dispatch!'
	/Users/gleichsnerd/.rvm/gems/ruby-2.2.3/bundler/gems/sinatra-9f4100a769bc/lib/sinatra/base.rb:921:in `block in call!'
	/Users/gleichsnerd/.rvm/gems/ruby-2.2.3/bundler/gems/sinatra-9f4100a769bc/lib/sinatra/base.rb:1089:in `block in invoke'
	/Users/gleichsnerd/.rvm/gems/ruby-2.2.3/bundler/gems/sinatra-9f4100a769bc/lib/sinatra/base.rb:1089:in `catch'
	/Users/gleichsnerd/.rvm/gems/ruby-2.2.3/bundler/gems/sinatra-9f4100a769bc/lib/sinatra/base.rb:1089:in `invoke'
	/Users/gleichsnerd/.rvm/gems/ruby-2.2.3/bundler/gems/sinatra-9f4100a769bc/lib/sinatra/base.rb:921:in `call!'
	/Users/gleichsnerd/.rvm/gems/ruby-2.2.3/bundler/gems/sinatra-9f4100a769bc/lib/sinatra/base.rb:911:in `call'
	/Users/gleichsnerd/.rvm/gems/ruby-2.2.3/bundler/gems/sinatra-9f4100a769bc/rack-protection/lib/rack/protection/xss_header.rb:18:in `call'
	/Users/gleichsnerd/.rvm/gems/ruby-2.2.3/bundler/gems/sinatra-9f4100a769bc/rack-protection/lib/rack/protection/path_traversal.rb:16:in `call'
	/Users/gleichsnerd/.rvm/gems/ruby-2.2.3/bundler/gems/sinatra-9f4100a769bc/rack-protection/lib/rack/protection/json_csrf.rb:21:in `call'
	/Users/gleichsnerd/.rvm/gems/ruby-2.2.3/bundler/gems/sinatra-9f4100a769bc/rack-protection/lib/rack/protection/base.rb:50:in `call'
	/Users/gleichsnerd/.rvm/gems/ruby-2.2.3/bundler/gems/sinatra-9f4100a769bc/rack-protection/lib/rack/protection/base.rb:50:in `call'
	/Users/gleichsnerd/.rvm/gems/ruby-2.2.3/bundler/gems/sinatra-9f4100a769bc/rack-protection/lib/rack/protection/frame_options.rb:31:in `call'
	/Users/gleichsnerd/.rvm/gems/ruby-2.2.3/gems/rack-2.0.1/lib/rack/logger.rb:15:in `call'
	/Users/gleichsnerd/.rvm/gems/ruby-2.2.3/gems/rack-2.0.1/lib/rack/common_logger.rb:33:in `call'
	/Users/gleichsnerd/.rvm/gems/ruby-2.2.3/bundler/gems/sinatra-9f4100a769bc/lib/sinatra/base.rb:229:in `call'
	/Users/gleichsnerd/.rvm/gems/ruby-2.2.3/bundler/gems/sinatra-9f4100a769bc/lib/sinatra/base.rb:222:in `call'
	/Users/gleichsnerd/.rvm/gems/ruby-2.2.3/gems/rack-2.0.1/lib/rack/head.rb:12:in `call'
	/Users/gleichsnerd/.rvm/gems/ruby-2.2.3/gems/rack-2.0.1/lib/rack/method_override.rb:22:in `call'
	/Users/gleichsnerd/.rvm/gems/ruby-2.2.3/bundler/gems/sinatra-9f4100a769bc/lib/sinatra/show_exceptions.rb:22:in `call'
	/Users/gleichsnerd/.rvm/gems/ruby-2.2.3/bundler/gems/sinatra-9f4100a769bc/lib/sinatra/base.rb:192:in `call'
	/Users/gleichsnerd/.rvm/gems/ruby-2.2.3/bundler/gems/sinatra-9f4100a769bc/lib/sinatra/base.rb:1965:in `call'
	/Users/gleichsnerd/.rvm/gems/ruby-2.2.3/bundler/gems/sinatra-9f4100a769bc/lib/sinatra/base.rb:1516:in `block in call'
	/Users/gleichsnerd/.rvm/gems/ruby-2.2.3/bundler/gems/sinatra-9f4100a769bc/lib/sinatra/base.rb:1737:in `synchronize'
	/Users/gleichsnerd/.rvm/gems/ruby-2.2.3/bundler/gems/sinatra-9f4100a769bc/lib/sinatra/base.rb:1516:in `call'
	/Users/gleichsnerd/.rvm/gems/ruby-2.2.3/gems/thin-1.7.0/lib/thin/connection.rb:86:in `block in pre_process'
	/Users/gleichsnerd/.rvm/gems/ruby-2.2.3/gems/thin-1.7.0/lib/thin/connection.rb:84:in `catch'
	/Users/gleichsnerd/.rvm/gems/ruby-2.2.3/gems/thin-1.7.0/lib/thin/connection.rb:84:in `pre_process'
	/Users/gleichsnerd/.rvm/gems/ruby-2.2.3/gems/thin-1.7.0/lib/thin/connection.rb:53:in `process'
	/Users/gleichsnerd/.rvm/gems/ruby-2.2.3/gems/thin-1.7.0/lib/thin/connection.rb:39:in `receive_data'
	/Users/gleichsnerd/.rvm/gems/ruby-2.2.3/gems/eventmachine-1.2.1/lib/eventmachine.rb:194:in `run_machine'
	/Users/gleichsnerd/.rvm/gems/ruby-2.2.3/gems/eventmachine-1.2.1/lib/eventmachine.rb:194:in `run'
	/Users/gleichsnerd/.rvm/gems/ruby-2.2.3/gems/thin-1.7.0/lib/thin/backends/base.rb:73:in `start'
	/Users/gleichsnerd/.rvm/gems/ruby-2.2.3/gems/thin-1.7.0/lib/thin/server.rb:162:in `start'
	/Users/gleichsnerd/.rvm/gems/ruby-2.2.3/gems/thin-1.7.0/lib/thin/controllers/controller.rb:87:in `start'
	/Users/gleichsnerd/.rvm/gems/ruby-2.2.3/gems/thin-1.7.0/lib/thin/runner.rb:200:in `run_command'
	/Users/gleichsnerd/.rvm/gems/ruby-2.2.3/gems/thin-1.7.0/lib/thin/runner.rb:156:in `run!'
	/Users/gleichsnerd/.rvm/gems/ruby-2.2.3/gems/thin-1.7.0/bin/thin:6:in `<top (required)>'
	/Users/gleichsnerd/.rvm/gems/ruby-2.2.3/bin/thin:23:in `load'
	/Users/gleichsnerd/.rvm/gems/ruby-2.2.3/bin/thin:23:in `<main>'
	/Users/gleichsnerd/.rvm/gems/ruby-2.2.3/bin/ruby_executable_hooks:15:in `eval'
	/Users/gleichsnerd/.rvm/gems/ruby-2.2.3/bin/ruby_executable_hooks:15:in `<main>'
Writing PID to ./thin.pid
Changing process privilege to thin:thin
Couldn't change user and group to thin:thin: Operation not permitted @ chown_internal - ./thin.pid
/Users/gleichsnerd/Developer/Projects/battle-buddies/battle-buddies-server/responder.rb:5: warning: circular argument reference - dt
Exiting!
/Users/gleichsnerd/Developer/Projects/battle-buddies/battle-buddies-server/app.rb:3:in `require': /Users/gleichsnerd/Developer/Projects/battle-buddies/battle-buddies-server/responder.rb:3: no .<digit> floating literal anymore; put 0 before dot (SyntaxError)
  def initialize(dt = .1)
                       ^
/Users/gleichsnerd/Developer/Projects/battle-buddies/battle-buddies-server/responder.rb:3: syntax error, unexpected '.'
  def initialize(dt = .1)
                       ^
/Users/gleichsnerd/Developer/Projects/battle-buddies/battle-buddies-server/responder.rb:19: syntax error, unexpected keyword_end, expecting end-of-input
	from /Users/gleichsnerd/Developer/Projects/battle-buddies/battle-buddies-server/app.rb:3:in `<top (required)>'
	from ./config.ru:5:in `require'
	from ./config.ru:5:in `block in <main>'
	from /Users/gleichsnerd/.rvm/gems/ruby-2.2.3/gems/rack-2.0.1/lib/rack/builder.rb:55:in `instance_eval'
	from /Users/gleichsnerd/.rvm/gems/ruby-2.2.3/gems/rack-2.0.1/lib/rack/builder.rb:55:in `initialize'
	from ./config.ru:1:in `new'
	from ./config.ru:1:in `<main>'
	from /Users/gleichsnerd/.rvm/gems/ruby-2.2.3/gems/thin-1.7.0/lib/rack/adapter/loader.rb:33:in `eval'
	from /Users/gleichsnerd/.rvm/gems/ruby-2.2.3/gems/thin-1.7.0/lib/rack/adapter/loader.rb:33:in `load'
	from /Users/gleichsnerd/.rvm/gems/ruby-2.2.3/gems/thin-1.7.0/lib/thin/controllers/controller.rb:182:in `load_rackup_config'
	from /Users/gleichsnerd/.rvm/gems/ruby-2.2.3/gems/thin-1.7.0/lib/thin/controllers/controller.rb:72:in `start'
	from /Users/gleichsnerd/.rvm/gems/ruby-2.2.3/gems/thin-1.7.0/lib/thin/runner.rb:200:in `run_command'
	from /Users/gleichsnerd/.rvm/gems/ruby-2.2.3/gems/thin-1.7.0/lib/thin/runner.rb:156:in `run!'
	from /Users/gleichsnerd/.rvm/gems/ruby-2.2.3/gems/thin-1.7.0/bin/thin:6:in `<top (required)>'
	from /Users/gleichsnerd/.rvm/gems/ruby-2.2.3/bin/thin:23:in `load'
	from /Users/gleichsnerd/.rvm/gems/ruby-2.2.3/bin/thin:23:in `<main>'
	from /Users/gleichsnerd/.rvm/gems/ruby-2.2.3/bin/ruby_executable_hooks:15:in `eval'
	from /Users/gleichsnerd/.rvm/gems/ruby-2.2.3/bin/ruby_executable_hooks:15:in `<main>'
Writing PID to ./thin.pid
Changing process privilege to thin:thin
Couldn't change user and group to thin:thin: Operation not permitted @ chown_internal - ./thin.pid
/Users/gleichsnerd/Developer/Projects/battle-buddies/battle-buddies-server/responder.rb:5: warning: circular argument reference - dt
Exiting!
/Users/gleichsnerd/Developer/Projects/battle-buddies/battle-buddies-server/app.rb:3:in `require': /Users/gleichsnerd/Developer/Projects/battle-buddies/battle-buddies-server/responder.rb:3: no .<digit> floating literal anymore; put 0 before dot (SyntaxError)
  def initialize(dt = .1)
                       ^
/Users/gleichsnerd/Developer/Projects/battle-buddies/battle-buddies-server/responder.rb:3: syntax error, unexpected '.'
  def initialize(dt = .1)
                       ^
	from /Users/gleichsnerd/Developer/Projects/battle-buddies/battle-buddies-server/app.rb:3:in `<top (required)>'
	from ./config.ru:5:in `require'
	from ./config.ru:5:in `block in <main>'
	from /Users/gleichsnerd/.rvm/gems/ruby-2.2.3/gems/rack-2.0.1/lib/rack/builder.rb:55:in `instance_eval'
	from /Users/gleichsnerd/.rvm/gems/ruby-2.2.3/gems/rack-2.0.1/lib/rack/builder.rb:55:in `initialize'
	from ./config.ru:1:in `new'
	from ./config.ru:1:in `<main>'
	from /Users/gleichsnerd/.rvm/gems/ruby-2.2.3/gems/thin-1.7.0/lib/rack/adapter/loader.rb:33:in `eval'
	from /Users/gleichsnerd/.rvm/gems/ruby-2.2.3/gems/thin-1.7.0/lib/rack/adapter/loader.rb:33:in `load'
	from /Users/gleichsnerd/.rvm/gems/ruby-2.2.3/gems/thin-1.7.0/lib/thin/controllers/controller.rb:182:in `load_rackup_config'
	from /Users/gleichsnerd/.rvm/gems/ruby-2.2.3/gems/thin-1.7.0/lib/thin/controllers/controller.rb:72:in `start'
	from /Users/gleichsnerd/.rvm/gems/ruby-2.2.3/gems/thin-1.7.0/lib/thin/runner.rb:200:in `run_command'
	from /Users/gleichsnerd/.rvm/gems/ruby-2.2.3/gems/thin-1.7.0/lib/thin/runner.rb:156:in `run!'
	from /Users/gleichsnerd/.rvm/gems/ruby-2.2.3/gems/thin-1.7.0/bin/thin:6:in `<top (required)>'
	from /Users/gleichsnerd/.rvm/gems/ruby-2.2.3/bin/thin:23:in `load'
	from /Users/gleichsnerd/.rvm/gems/ruby-2.2.3/bin/thin:23:in `<main>'
	from /Users/gleichsnerd/.rvm/gems/ruby-2.2.3/bin/ruby_executable_hooks:15:in `eval'
	from /Users/gleichsnerd/.rvm/gems/ruby-2.2.3/bin/ruby_executable_hooks:15:in `<main>'
Writing PID to ./thin.pid
Changing process privilege to thin:thin
Couldn't change user and group to thin:thin: Operation not permitted @ chown_internal - ./thin.pid
Exiting!
/Users/gleichsnerd/Developer/Projects/battle-buddies/battle-buddies-server/app.rb:3:in `require': /Users/gleichsnerd/Developer/Projects/battle-buddies/battle-buddies-server/responder.rb:19: syntax error, unexpected end-of-input, expecting keyword_end (SyntaxError)
	from /Users/gleichsnerd/Developer/Projects/battle-buddies/battle-buddies-server/app.rb:3:in `<top (required)>'
	from ./config.ru:5:in `require'
	from ./config.ru:5:in `block in <main>'
	from /Users/gleichsnerd/.rvm/gems/ruby-2.2.3/gems/rack-2.0.1/lib/rack/builder.rb:55:in `instance_eval'
	from /Users/gleichsnerd/.rvm/gems/ruby-2.2.3/gems/rack-2.0.1/lib/rack/builder.rb:55:in `initialize'
	from ./config.ru:1:in `new'
	from ./config.ru:1:in `<main>'
	from /Users/gleichsnerd/.rvm/gems/ruby-2.2.3/gems/thin-1.7.0/lib/rack/adapter/loader.rb:33:in `eval'
	from /Users/gleichsnerd/.rvm/gems/ruby-2.2.3/gems/thin-1.7.0/lib/rack/adapter/loader.rb:33:in `load'
	from /Users/gleichsnerd/.rvm/gems/ruby-2.2.3/gems/thin-1.7.0/lib/thin/controllers/controller.rb:182:in `load_rackup_config'
	from /Users/gleichsnerd/.rvm/gems/ruby-2.2.3/gems/thin-1.7.0/lib/thin/controllers/controller.rb:72:in `start'
	from /Users/gleichsnerd/.rvm/gems/ruby-2.2.3/gems/thin-1.7.0/lib/thin/runner.rb:200:in `run_command'
	from /Users/gleichsnerd/.rvm/gems/ruby-2.2.3/gems/thin-1.7.0/lib/thin/runner.rb:156:in `run!'
	from /Users/gleichsnerd/.rvm/gems/ruby-2.2.3/gems/thin-1.7.0/bin/thin:6:in `<top (required)>'
	from /Users/gleichsnerd/.rvm/gems/ruby-2.2.3/bin/thin:23:in `load'
	from /Users/gleichsnerd/.rvm/gems/ruby-2.2.3/bin/thin:23:in `<main>'
	from /Users/gleichsnerd/.rvm/gems/ruby-2.2.3/bin/ruby_executable_hooks:15:in `eval'
	from /Users/gleichsnerd/.rvm/gems/ruby-2.2.3/bin/ruby_executable_hooks:15:in `<main>'
Writing PID to ./thin.pid
Changing process privilege to thin:thin
Couldn't change user and group to thin:thin: Operation not permitted @ chown_internal - ./thin.pid
Exiting!
/Users/gleichsnerd/Developer/Projects/battle-buddies/battle-buddies-server/app.rb:3:in `require': /Users/gleichsnerd/Developer/Projects/battle-buddies/battle-buddies-server/responder.rb:19: syntax error, unexpected end-of-input, expecting keyword_end (SyntaxError)
	from /Users/gleichsnerd/Developer/Projects/battle-buddies/battle-buddies-server/app.rb:3:in `<top (required)>'
	from ./config.ru:5:in `require'
	from ./config.ru:5:in `block in <main>'
	from /Users/gleichsnerd/.rvm/gems/ruby-2.2.3/gems/rack-2.0.1/lib/rack/builder.rb:55:in `instance_eval'
	from /Users/gleichsnerd/.rvm/gems/ruby-2.2.3/gems/rack-2.0.1/lib/rack/builder.rb:55:in `initialize'
	from ./config.ru:1:in `new'
	from ./config.ru:1:in `<main>'
	from /Users/gleichsnerd/.rvm/gems/ruby-2.2.3/gems/thin-1.7.0/lib/rack/adapter/loader.rb:33:in `eval'
	from /Users/gleichsnerd/.rvm/gems/ruby-2.2.3/gems/thin-1.7.0/lib/rack/adapter/loader.rb:33:in `load'
	from /Users/gleichsnerd/.rvm/gems/ruby-2.2.3/gems/thin-1.7.0/lib/thin/controllers/controller.rb:182:in `load_rackup_config'
	from /Users/gleichsnerd/.rvm/gems/ruby-2.2.3/gems/thin-1.7.0/lib/thin/controllers/controller.rb:72:in `start'
	from /Users/gleichsnerd/.rvm/gems/ruby-2.2.3/gems/thin-1.7.0/lib/thin/runner.rb:200:in `run_command'
	from /Users/gleichsnerd/.rvm/gems/ruby-2.2.3/gems/thin-1.7.0/lib/thin/runner.rb:156:in `run!'
	from /Users/gleichsnerd/.rvm/gems/ruby-2.2.3/gems/thin-1.7.0/bin/thin:6:in `<top (required)>'
	from /Users/gleichsnerd/.rvm/gems/ruby-2.2.3/bin/thin:23:in `load'
	from /Users/gleichsnerd/.rvm/gems/ruby-2.2.3/bin/thin:23:in `<main>'
	from /Users/gleichsnerd/.rvm/gems/ruby-2.2.3/bin/ruby_executable_hooks:15:in `eval'
	from /Users/gleichsnerd/.rvm/gems/ruby-2.2.3/bin/ruby_executable_hooks:15:in `<main>'
Writing PID to ./thin.pid
Changing process privilege to thin:thin
Couldn't change user and group to thin:thin: Operation not permitted @ chown_internal - ./thin.pid
Thin web server (v1.7.0 codename Dunder Mifflin)
Maximum connections set to 1024
Listening on 127.0.0.1:4567, CTRL+C to stop
127.0.0.1 - - [17/Dec/2016:18:06:19 -0500] "GET / HTTP/1.1" 200 23 0.0049
127.0.0.1 - - [17/Dec/2016:18:06:19 -0500] "GET /favicon.ico HTTP/1.1" 200 21 0.0010
/Users/gleichsnerd/Developer/Projects/battle-buddies/battle-buddies-server/app.rb:14: warning: class variable access from toplevel
/Users/gleichsnerd/Developer/Projects/battle-buddies/battle-buddies-server/app.rb:15: warning: class variable access from toplevel
127.0.0.1 - - [17/Dec/2016:18:06:37 -0500] "GET /game/start HTTP/1.1" 200 - 0.0007
127.0.0.1 - - [17/Dec/2016:18:06:37 -0500] "GET /favicon.ico HTTP/1.1" 200 21 0.0006
127.0.0.1 - - [17/Dec/2016:18:06:42 -0500] "GET /favicon.ico HTTP/1.1" 200 21 0.0006
127.0.0.1 - - [17/Dec/2016:18:06:45 -0500] "GET /turn HTTP/1.1" 200 14 0.0006
127.0.0.1 - - [17/Dec/2016:18:06:45 -0500] "GET /favicon.ico HTTP/1.1" 200 21 0.0005
/Users/gleichsnerd/Developer/Projects/battle-buddies/battle-buddies-server/app.rb:15: warning: class variable access from toplevel
127.0.0.1 - - [17/Dec/2016:18:06:57 -0500] "GET /turn HTTP/1.1" 0 - 0.0083
127.0.0.1 - - [17/Dec/2016:18:06:57 -0500] "GET /favicon.ico HTTP/1.1" 404 469 0.0009
